<?xml version="1.0" encoding="UTF-8"?>
<testsuite xmlns:xsi="http://www.w3.org/2001/XMLSchema-instance" xsi:noNamespaceSchemaLocation="https://maven.apache.org/surefire/maven-surefire-plugin/xsd/surefire-test-report-3.0.xsd" version="3.0" name="runners.SmokeRunner" time="0.368" tests="1" errors="1" skipped="0" failures="0">
  <properties>
[...]
</properties>
  <testcase name="initializationError" classname="runners.SmokeRunner" time="0.005">
    <error message="Failed to parse resource at: file:///C:/Users/priya/IdeaProjects/CucumberBatch14/src/test/resources/features/Qualifications.feature&#10;(7:5): expected: #TagLine, #ScenarioLine, #Comment, #Empty, got &apos;When user enters valid admin username and password&apos;&#10;(8:5): expected: #TagLine, #ScenarioLine, #Comment, #Empty, got &apos;And user clicks on the login button&apos;&#10;(9:5): expected: #TagLine, #ScenarioLine, #Comment, #Empty, got &apos;Then user is successfully logged in&apos;&#10;(10:5): expected: #TagLine, #ScenarioLine, #Comment, #Empty, got &apos;When user clicks on PIM tab from the directory menu&apos;&#10;(11:5): expected: #TagLine, #ScenarioLine, #Comment, #Empty, got &apos;And user clicks on Employee List option from the PIM menu&apos;&#10;(12:5): expected: #TagLine, #ScenarioLine, #Comment, #Empty, got &apos;And user clicks on any Employee&apos;&#10;(13:5): expected: #TagLine, #ScenarioLine, #Comment, #Empty, got &apos;Then user should be taken to the Personal Details page&apos;&#10;(14:5): expected: #TagLine, #ScenarioLine, #Comment, #Empty, got &apos;When user clicks on Qualifications from the side menu&apos;&#10;(15:5): expected: #TagLine, #ScenarioLine, #Comment, #Empty, got &apos;Then user should be able to verify they are on Qualifications page&apos;&#10;(19:5): expected: #TagLine, #ScenarioLine, #Comment, #Empty, got &apos;When user clicks on the add button under Skills Category&apos;&#10;(20:5): expected: #TagLine, #ScenarioLine, #Comment, #Empty, got &apos;And  user selected the employee skills from the dropdown list&apos;" type="io.cucumber.core.gherkin.FeatureParserException"><![CDATA[io.cucumber.core.gherkin.FeatureParserException: 
Failed to parse resource at: file:///C:/Users/priya/IdeaProjects/CucumberBatch14/src/test/resources/features/Qualifications.feature
(7:5): expected: #TagLine, #ScenarioLine, #Comment, #Empty, got 'When user enters valid admin username and password'
(8:5): expected: #TagLine, #ScenarioLine, #Comment, #Empty, got 'And user clicks on the login button'
(9:5): expected: #TagLine, #ScenarioLine, #Comment, #Empty, got 'Then user is successfully logged in'
(10:5): expected: #TagLine, #ScenarioLine, #Comment, #Empty, got 'When user clicks on PIM tab from the directory menu'
(11:5): expected: #TagLine, #ScenarioLine, #Comment, #Empty, got 'And user clicks on Employee List option from the PIM menu'
(12:5): expected: #TagLine, #ScenarioLine, #Comment, #Empty, got 'And user clicks on any Employee'
(13:5): expected: #TagLine, #ScenarioLine, #Comment, #Empty, got 'Then user should be taken to the Personal Details page'
(14:5): expected: #TagLine, #ScenarioLine, #Comment, #Empty, got 'When user clicks on Qualifications from the side menu'
(15:5): expected: #TagLine, #ScenarioLine, #Comment, #Empty, got 'Then user should be able to verify they are on Qualifications page'
(19:5): expected: #TagLine, #ScenarioLine, #Comment, #Empty, got 'When user clicks on the add button under Skills Category'
(20:5): expected: #TagLine, #ScenarioLine, #Comment, #Empty, got 'And  user selected the employee skills from the dropdown list'
	at io.cucumber.core.gherkin.messages.GherkinMessagesFeatureParser.parse(GherkinMessagesFeatureParser.java:52)
	at io.cucumber.core.feature.FeatureParser.parseResource(FeatureParser.java:43)
	at java.base/java.util.function.BiFunction.lambda$andThen$0(BiFunction.java:70)
	at io.cucumber.core.resource.ResourceScanner.lambda$processResource$1(ResourceScanner.java:79)
	at io.cucumber.core.resource.PathScanner$ResourceFileVisitor.visitFile(PathScanner.java:70)
	at io.cucumber.core.resource.PathScanner$ResourceFileVisitor.visitFile(PathScanner.java:55)
	at java.base/java.nio.file.Files.walkFileTree(Files.java:2725)
	at io.cucumber.core.resource.PathScanner.findResourcesForPath(PathScanner.java:48)
	at io.cucumber.core.resource.PathScanner.findResourcesForUri(PathScanner.java:28)
	at io.cucumber.core.resource.ResourceScanner.findResourcesForUri(ResourceScanner.java:61)
	at io.cucumber.core.resource.ResourceScanner.scanForResourcesUri(ResourceScanner.java:134)
	at io.cucumber.core.runtime.FeaturePathFeatureSupplier.loadFeatures(FeaturePathFeatureSupplier.java:62)
	at io.cucumber.core.runtime.FeaturePathFeatureSupplier.get(FeaturePathFeatureSupplier.java:45)
	at io.cucumber.junit.Cucumber.<init>(Cucumber.java:158)
	at java.base/jdk.internal.reflect.NativeConstructorAccessorImpl.newInstance0(Native Method)
	at java.base/jdk.internal.reflect.NativeConstructorAccessorImpl.newInstance(NativeConstructorAccessorImpl.java:62)
	at java.base/jdk.internal.reflect.DelegatingConstructorAccessorImpl.newInstance(DelegatingConstructorAccessorImpl.java:45)
	at java.base/java.lang.reflect.Constructor.newInstance(Constructor.java:490)
	at org.junit.internal.builders.AnnotatedBuilder.buildRunner(AnnotatedBuilder.java:104)
	at org.junit.internal.builders.AnnotatedBuilder.runnerForClass(AnnotatedBuilder.java:86)
	at org.junit.runners.model.RunnerBuilder.safeRunnerForClass(RunnerBuilder.java:70)
	at org.junit.internal.builders.AllDefaultPossibilitiesBuilder.runnerForClass(AllDefaultPossibilitiesBuilder.java:37)
	at org.junit.runners.model.RunnerBuilder.safeRunnerForClass(RunnerBuilder.java:70)
	at org.junit.internal.requests.ClassRequest.createRunner(ClassRequest.java:28)
	at org.junit.internal.requests.MemoizingRequest.getRunner(MemoizingRequest.java:19)
	at org.apache.maven.surefire.junit4.JUnit4Provider.execute(JUnit4Provider.java:374)
	at org.apache.maven.surefire.junit4.JUnit4Provider.executeWithRerun(JUnit4Provider.java:284)
	at org.apache.maven.surefire.junit4.JUnit4Provider.executeTestSet(JUnit4Provider.java:248)
	at org.apache.maven.surefire.junit4.JUnit4Provider.invoke(JUnit4Provider.java:167)
	at org.apache.maven.surefire.booter.ForkedBooter.runSuitesInProcess(ForkedBooter.java:456)
	at org.apache.maven.surefire.booter.ForkedBooter.execute(ForkedBooter.java:169)
	at org.apache.maven.surefire.booter.ForkedBooter.run(ForkedBooter.java:595)
	at org.apache.maven.surefire.booter.ForkedBooter.main(ForkedBooter.java:581)
]]></error>
  </testcase>
</testsuite>